2024-10-13 22:52:48 INFO  Utils:112 -
			[Utils] MethodGroupsHelper.collectMethodsByGroup() took 2 ms.
2024-10-13 22:52:48 INFO  Utils:112 -
			[Utils] MethodGroupsHelper.sortMethods() took 4 ms.
2024-10-13 22:52:48 INFO  Utils:112 -
			[Utils] MethodGroupsHelper.collectMethodsByGroup() took 0 ms.
2024-10-13 22:52:48 INFO  Utils:112 -
			[Utils] MethodGroupsHelper.sortMethods() took 0 ms.
2024-10-13 22:52:48 INFO  Utils:112 -
			[Utils] MethodGroupsHelper.collectMethodsByGroup() took 0 ms.
2024-10-13 22:52:48 INFO  Utils:112 -
			[Utils] MethodGroupsHelper.sortMethods() took 0 ms.
2024-10-13 22:52:48 INFO  Utils:112 -
			[Utils] MethodGroupsHelper.collectMethodsByGroup() took 0 ms.
2024-10-13 22:52:48 INFO  Utils:112 -
			[Utils] MethodGroupsHelper.sortMethods() took 0 ms.
2024-10-13 22:52:48 INFO  Utils:112 -
			[Utils] MethodGroupsHelper.collectMethodsByGroup() took 7 ms.
2024-10-13 22:52:48 INFO  Utils:112 -
			[Utils] MethodGroupsHelper.sortMethods() took 26 ms.
2024-10-13 22:52:48 INFO  Utils:112 -
			[Utils] MethodGroupsHelper.collectMethodsByGroup() took 0 ms.
2024-10-13 22:52:48 INFO  Utils:112 -
			[Utils] MethodGroupsHelper.sortMethods() took 0 ms.
2024-10-13 22:52:48 INFO  Utils:112 -
			[Utils] MethodGroupsHelper.collectMethodsByGroup() took 0 ms.
2024-10-13 22:52:48 INFO  Utils:112 -
			[Utils] MethodGroupsHelper.sortMethods() took 0 ms.
2024-10-13 22:52:48 INFO  Utils:112 -
			[Utils] MethodGroupsHelper.collectMethodsByGroup() took 0 ms.
2024-10-13 22:52:48 INFO  Utils:112 -
			[Utils] MethodGroupsHelper.sortMethods() took 0 ms.
2024-10-13 22:52:48 INFO  Utils:112 -
			[Utils] MethodGroupsHelper.collectMethodsByGroup() took 0 ms.
2024-10-13 22:52:48 INFO  Utils:112 -
			[Utils] MethodGroupsHelper.sortMethods() took 0 ms.
2024-10-13 22:52:48 INFO  Utils:112 -
			[Utils] MethodGroupsHelper.collectMethodsByGroup() took 0 ms.
2024-10-13 22:52:48 INFO  Utils:112 -
			[Utils] MethodGroupsHelper.sortMethods() took 0 ms.
2024-10-13 22:52:48 INFO  Utils:112 -
			[Utils] MethodGroupsHelper.collectMethodsByGroup() took 0 ms.
2024-10-13 22:52:48 INFO  Utils:112 -
			[Utils] MethodGroupsHelper.sortMethods() took 0 ms.
2024-10-13 22:52:48 INFO  Utils:112 -
			[Utils] MethodGroupsHelper.collectMethodsByGroup() took 0 ms.
2024-10-13 22:52:48 INFO  Utils:112 -
			[Utils] MethodGroupsHelper.sortMethods() took 0 ms.
2024-10-13 22:52:48 INFO  Utils:112 -
			[Utils] MethodGroupsHelper.collectMethodsByGroup() took 0 ms.
2024-10-13 22:52:48 INFO  Utils:112 -
			[Utils] MethodGroupsHelper.sortMethods() took 1 ms.
2024-10-13 22:52:48 INFO  Utils:112 -
			[Utils] MethodGroupsHelper.collectMethodsByGroup() took 0 ms.
2024-10-13 22:52:48 INFO  Utils:112 -
			[Utils] MethodGroupsHelper.sortMethods() took 0 ms.
2024-10-13 22:52:48 INFO  Utils:112 -
			[Utils] MethodGroupsHelper.collectMethodsByGroup() took 0 ms.
2024-10-13 22:52:48 INFO  Utils:112 -
			[Utils] MethodGroupsHelper.sortMethods() took 0 ms.
2024-10-13 22:52:48 INFO  Utils:112 -
			[TestNG] Running:
  C:\Users\utk\AppData\Local\Temp\testng-eclipse-1297791859\testng-customsuite.xml

2024-10-13 22:52:48 INFO  Utils:112 -
			[Utils] DynamicGraphHelper.createDynamicGraph() took 9 ms.
2024-10-13 22:53:31 INFO  Utils:112 -
			[Utils] MethodGroupsHelper.collectMethodsByGroup() took 1 ms.
2024-10-13 22:53:31 INFO  Utils:112 -
			[Utils] MethodGroupsHelper.sortMethods() took 2 ms.
2024-10-13 22:53:31 INFO  Utils:112 -
			[Utils] MethodGroupsHelper.collectMethodsByGroup() took 0 ms.
2024-10-13 22:53:31 INFO  Utils:112 -
			[Utils] MethodGroupsHelper.sortMethods() took 0 ms.
2024-10-13 22:53:31 INFO  Utils:112 -
			[Utils] MethodGroupsHelper.collectMethodsByGroup() took 0 ms.
2024-10-13 22:53:31 INFO  Utils:112 -
			[Utils] MethodGroupsHelper.sortMethods() took 0 ms.
2024-10-13 22:53:31 INFO  Utils:112 -
			[Utils] MethodGroupsHelper.collectMethodsByGroup() took 0 ms.
2024-10-13 22:53:31 INFO  Utils:112 -
			[Utils] MethodGroupsHelper.sortMethods() took 0 ms.
2024-10-13 22:53:31 INFO  Utils:112 -
			[Utils] MethodGroupsHelper.collectMethodsByGroup() took 5 ms.
2024-10-13 22:53:32 INFO  Utils:112 -
			[Utils] MethodGroupsHelper.sortMethods() took 27 ms.
2024-10-13 22:53:32 INFO  Utils:112 -
			[Utils] MethodGroupsHelper.collectMethodsByGroup() took 0 ms.
2024-10-13 22:53:32 INFO  Utils:112 -
			[Utils] MethodGroupsHelper.sortMethods() took 0 ms.
2024-10-13 22:53:32 INFO  Utils:112 -
			[Utils] MethodGroupsHelper.collectMethodsByGroup() took 0 ms.
2024-10-13 22:53:32 INFO  Utils:112 -
			[Utils] MethodGroupsHelper.sortMethods() took 0 ms.
2024-10-13 22:53:32 INFO  Utils:112 -
			[Utils] MethodGroupsHelper.collectMethodsByGroup() took 0 ms.
2024-10-13 22:53:32 INFO  Utils:112 -
			[Utils] MethodGroupsHelper.sortMethods() took 0 ms.
2024-10-13 22:53:32 INFO  Utils:112 -
			[Utils] MethodGroupsHelper.collectMethodsByGroup() took 0 ms.
2024-10-13 22:53:32 INFO  Utils:112 -
			[Utils] MethodGroupsHelper.sortMethods() took 0 ms.
2024-10-13 22:53:32 INFO  Utils:112 -
			[Utils] MethodGroupsHelper.collectMethodsByGroup() took 0 ms.
2024-10-13 22:53:32 INFO  Utils:112 -
			[Utils] MethodGroupsHelper.sortMethods() took 0 ms.
2024-10-13 22:53:32 INFO  Utils:112 -
			[Utils] MethodGroupsHelper.collectMethodsByGroup() took 0 ms.
2024-10-13 22:53:32 INFO  Utils:112 -
			[Utils] MethodGroupsHelper.sortMethods() took 0 ms.
2024-10-13 22:53:32 INFO  Utils:112 -
			[Utils] MethodGroupsHelper.collectMethodsByGroup() took 0 ms.
2024-10-13 22:53:32 INFO  Utils:112 -
			[Utils] MethodGroupsHelper.sortMethods() took 0 ms.
2024-10-13 22:53:32 INFO  Utils:112 -
			[Utils] MethodGroupsHelper.collectMethodsByGroup() took 0 ms.
2024-10-13 22:53:32 INFO  Utils:112 -
			[Utils] MethodGroupsHelper.sortMethods() took 0 ms.
2024-10-13 22:53:32 INFO  Utils:112 -
			[Utils] MethodGroupsHelper.collectMethodsByGroup() took 0 ms.
2024-10-13 22:53:32 INFO  Utils:112 -
			[Utils] MethodGroupsHelper.sortMethods() took 0 ms.
2024-10-13 22:53:32 INFO  Utils:112 -
			[Utils] MethodGroupsHelper.collectMethodsByGroup() took 0 ms.
2024-10-13 22:53:32 INFO  Utils:112 -
			[Utils] MethodGroupsHelper.sortMethods() took 0 ms.
2024-10-13 22:53:32 INFO  Utils:112 -
			[TestNG] Running:
  C:\Users\utk\AppData\Local\Temp\testng-eclipse--604978631\testng-customsuite.xml

2024-10-13 22:53:32 INFO  Utils:112 -
			[Utils] DynamicGraphHelper.createDynamicGraph() took 5 ms.
2024-10-13 22:55:48 INFO  Utils:112 -
			[Utils] MethodGroupsHelper.collectMethodsByGroup() took 1 ms.
2024-10-13 22:55:48 INFO  Utils:112 -
			[Utils] MethodGroupsHelper.sortMethods() took 3 ms.
2024-10-13 22:55:48 INFO  Utils:112 -
			[Utils] MethodGroupsHelper.collectMethodsByGroup() took 0 ms.
2024-10-13 22:55:48 INFO  Utils:112 -
			[Utils] MethodGroupsHelper.sortMethods() took 0 ms.
2024-10-13 22:55:48 INFO  Utils:112 -
			[Utils] MethodGroupsHelper.collectMethodsByGroup() took 0 ms.
2024-10-13 22:55:48 INFO  Utils:112 -
			[Utils] MethodGroupsHelper.sortMethods() took 0 ms.
2024-10-13 22:55:48 INFO  Utils:112 -
			[Utils] MethodGroupsHelper.collectMethodsByGroup() took 0 ms.
2024-10-13 22:55:48 INFO  Utils:112 -
			[Utils] MethodGroupsHelper.sortMethods() took 0 ms.
2024-10-13 22:55:48 INFO  Utils:112 -
			[Utils] MethodGroupsHelper.collectMethodsByGroup() took 9 ms.
2024-10-13 22:55:48 INFO  Utils:112 -
			[Utils] MethodGroupsHelper.sortMethods() took 32 ms.
2024-10-13 22:55:48 INFO  Utils:112 -
			[Utils] MethodGroupsHelper.collectMethodsByGroup() took 0 ms.
2024-10-13 22:55:48 INFO  Utils:112 -
			[Utils] MethodGroupsHelper.sortMethods() took 0 ms.
2024-10-13 22:55:48 INFO  Utils:112 -
			[Utils] MethodGroupsHelper.collectMethodsByGroup() took 0 ms.
2024-10-13 22:55:48 INFO  Utils:112 -
			[Utils] MethodGroupsHelper.sortMethods() took 0 ms.
2024-10-13 22:55:48 INFO  Utils:112 -
			[Utils] MethodGroupsHelper.collectMethodsByGroup() took 0 ms.
2024-10-13 22:55:48 INFO  Utils:112 -
			[Utils] MethodGroupsHelper.sortMethods() took 0 ms.
2024-10-13 22:55:48 INFO  Utils:112 -
			[Utils] MethodGroupsHelper.collectMethodsByGroup() took 0 ms.
2024-10-13 22:55:48 INFO  Utils:112 -
			[Utils] MethodGroupsHelper.sortMethods() took 0 ms.
2024-10-13 22:55:48 INFO  Utils:112 -
			[Utils] MethodGroupsHelper.collectMethodsByGroup() took 0 ms.
2024-10-13 22:55:48 INFO  Utils:112 -
			[Utils] MethodGroupsHelper.sortMethods() took 0 ms.
2024-10-13 22:55:48 INFO  Utils:112 -
			[Utils] MethodGroupsHelper.collectMethodsByGroup() took 0 ms.
2024-10-13 22:55:48 INFO  Utils:112 -
			[Utils] MethodGroupsHelper.sortMethods() took 0 ms.
2024-10-13 22:55:48 INFO  Utils:112 -
			[Utils] MethodGroupsHelper.collectMethodsByGroup() took 0 ms.
2024-10-13 22:55:48 INFO  Utils:112 -
			[Utils] MethodGroupsHelper.sortMethods() took 0 ms.
2024-10-13 22:55:48 INFO  Utils:112 -
			[Utils] MethodGroupsHelper.collectMethodsByGroup() took 1 ms.
2024-10-13 22:55:48 INFO  Utils:112 -
			[Utils] MethodGroupsHelper.sortMethods() took 0 ms.
2024-10-13 22:55:48 INFO  Utils:112 -
			[Utils] MethodGroupsHelper.collectMethodsByGroup() took 0 ms.
2024-10-13 22:55:48 INFO  Utils:112 -
			[Utils] MethodGroupsHelper.sortMethods() took 0 ms.
2024-10-13 22:55:48 INFO  Utils:112 -
			[Utils] MethodGroupsHelper.collectMethodsByGroup() took 0 ms.
2024-10-13 22:55:48 INFO  Utils:112 -
			[Utils] MethodGroupsHelper.sortMethods() took 0 ms.
2024-10-13 22:55:48 INFO  Utils:112 -
			[TestNG] Running:
  C:\Users\utk\AppData\Local\Temp\testng-eclipse-2076183212\testng-customsuite.xml

2024-10-13 22:55:48 INFO  Utils:112 -
			[Utils] DynamicGraphHelper.createDynamicGraph() took 9 ms.
2024-10-13 22:57:34 INFO  Utils:112 -
			[Utils] MethodGroupsHelper.collectMethodsByGroup() took 1 ms.
2024-10-13 22:57:34 INFO  Utils:112 -
			[Utils] MethodGroupsHelper.sortMethods() took 3 ms.
2024-10-13 22:57:34 INFO  Utils:112 -
			[Utils] MethodGroupsHelper.collectMethodsByGroup() took 0 ms.
2024-10-13 22:57:34 INFO  Utils:112 -
			[Utils] MethodGroupsHelper.sortMethods() took 0 ms.
2024-10-13 22:57:34 INFO  Utils:112 -
			[Utils] MethodGroupsHelper.collectMethodsByGroup() took 0 ms.
2024-10-13 22:57:34 INFO  Utils:112 -
			[Utils] MethodGroupsHelper.sortMethods() took 0 ms.
2024-10-13 22:57:34 INFO  Utils:112 -
			[Utils] MethodGroupsHelper.collectMethodsByGroup() took 0 ms.
2024-10-13 22:57:34 INFO  Utils:112 -
			[Utils] MethodGroupsHelper.sortMethods() took 0 ms.
2024-10-13 22:57:34 INFO  Utils:112 -
			[Utils] MethodGroupsHelper.collectMethodsByGroup() took 9 ms.
2024-10-13 22:57:34 INFO  Utils:112 -
			[Utils] MethodGroupsHelper.sortMethods() took 29 ms.
2024-10-13 22:57:34 INFO  Utils:112 -
			[Utils] MethodGroupsHelper.collectMethodsByGroup() took 0 ms.
2024-10-13 22:57:34 INFO  Utils:112 -
			[Utils] MethodGroupsHelper.sortMethods() took 0 ms.
2024-10-13 22:57:34 INFO  Utils:112 -
			[Utils] MethodGroupsHelper.collectMethodsByGroup() took 0 ms.
2024-10-13 22:57:34 INFO  Utils:112 -
			[Utils] MethodGroupsHelper.sortMethods() took 0 ms.
2024-10-13 22:57:34 INFO  Utils:112 -
			[Utils] MethodGroupsHelper.collectMethodsByGroup() took 0 ms.
2024-10-13 22:57:34 INFO  Utils:112 -
			[Utils] MethodGroupsHelper.sortMethods() took 0 ms.
2024-10-13 22:57:34 INFO  Utils:112 -
			[Utils] MethodGroupsHelper.collectMethodsByGroup() took 0 ms.
2024-10-13 22:57:34 INFO  Utils:112 -
			[Utils] MethodGroupsHelper.sortMethods() took 0 ms.
2024-10-13 22:57:34 INFO  Utils:112 -
			[Utils] MethodGroupsHelper.collectMethodsByGroup() took 0 ms.
2024-10-13 22:57:34 INFO  Utils:112 -
			[Utils] MethodGroupsHelper.sortMethods() took 0 ms.
2024-10-13 22:57:34 INFO  Utils:112 -
			[Utils] MethodGroupsHelper.collectMethodsByGroup() took 0 ms.
2024-10-13 22:57:34 INFO  Utils:112 -
			[Utils] MethodGroupsHelper.sortMethods() took 0 ms.
2024-10-13 22:57:34 INFO  Utils:112 -
			[Utils] MethodGroupsHelper.collectMethodsByGroup() took 0 ms.
2024-10-13 22:57:34 INFO  Utils:112 -
			[Utils] MethodGroupsHelper.sortMethods() took 0 ms.
2024-10-13 22:57:34 INFO  Utils:112 -
			[Utils] MethodGroupsHelper.collectMethodsByGroup() took 0 ms.
2024-10-13 22:57:34 INFO  Utils:112 -
			[Utils] MethodGroupsHelper.sortMethods() took 0 ms.
2024-10-13 22:57:34 INFO  Utils:112 -
			[Utils] MethodGroupsHelper.collectMethodsByGroup() took 0 ms.
2024-10-13 22:57:34 INFO  Utils:112 -
			[Utils] MethodGroupsHelper.sortMethods() took 0 ms.
2024-10-13 22:57:34 INFO  Utils:112 -
			[Utils] MethodGroupsHelper.collectMethodsByGroup() took 0 ms.
2024-10-13 22:57:34 INFO  Utils:112 -
			[Utils] MethodGroupsHelper.sortMethods() took 0 ms.
2024-10-13 22:57:34 INFO  Utils:112 -
			[TestNG] Running:
  C:\Users\utk\AppData\Local\Temp\testng-eclipse--1144211054\testng-customsuite.xml

2024-10-13 22:57:34 INFO  Utils:112 -
			[Utils] DynamicGraphHelper.createDynamicGraph() took 8 ms.
2024-10-13 22:58:50 INFO  Utils:112 -
			[Utils] MethodGroupsHelper.collectMethodsByGroup() took 1 ms.
2024-10-13 22:58:50 INFO  Utils:112 -
			[Utils] MethodGroupsHelper.sortMethods() took 3 ms.
2024-10-13 22:58:50 INFO  Utils:112 -
			[Utils] MethodGroupsHelper.collectMethodsByGroup() took 0 ms.
2024-10-13 22:58:50 INFO  Utils:112 -
			[Utils] MethodGroupsHelper.sortMethods() took 0 ms.
2024-10-13 22:58:50 INFO  Utils:112 -
			[Utils] MethodGroupsHelper.collectMethodsByGroup() took 0 ms.
2024-10-13 22:58:50 INFO  Utils:112 -
			[Utils] MethodGroupsHelper.sortMethods() took 0 ms.
2024-10-13 22:58:50 INFO  Utils:112 -
			[Utils] MethodGroupsHelper.collectMethodsByGroup() took 0 ms.
2024-10-13 22:58:50 INFO  Utils:112 -
			[Utils] MethodGroupsHelper.sortMethods() took 0 ms.
2024-10-13 22:58:50 INFO  Utils:112 -
			[Utils] MethodGroupsHelper.collectMethodsByGroup() took 9 ms.
2024-10-13 22:58:50 INFO  Utils:112 -
			[Utils] MethodGroupsHelper.sortMethods() took 30 ms.
2024-10-13 22:58:50 INFO  Utils:112 -
			[Utils] MethodGroupsHelper.collectMethodsByGroup() took 0 ms.
2024-10-13 22:58:50 INFO  Utils:112 -
			[Utils] MethodGroupsHelper.sortMethods() took 0 ms.
2024-10-13 22:58:50 INFO  Utils:112 -
			[Utils] MethodGroupsHelper.collectMethodsByGroup() took 0 ms.
2024-10-13 22:58:50 INFO  Utils:112 -
			[Utils] MethodGroupsHelper.sortMethods() took 0 ms.
2024-10-13 22:58:50 INFO  Utils:112 -
			[Utils] MethodGroupsHelper.collectMethodsByGroup() took 0 ms.
2024-10-13 22:58:50 INFO  Utils:112 -
			[Utils] MethodGroupsHelper.sortMethods() took 0 ms.
2024-10-13 22:58:50 INFO  Utils:112 -
			[Utils] MethodGroupsHelper.collectMethodsByGroup() took 0 ms.
2024-10-13 22:58:50 INFO  Utils:112 -
			[Utils] MethodGroupsHelper.sortMethods() took 0 ms.
2024-10-13 22:58:50 INFO  Utils:112 -
			[Utils] MethodGroupsHelper.collectMethodsByGroup() took 0 ms.
2024-10-13 22:58:50 INFO  Utils:112 -
			[Utils] MethodGroupsHelper.sortMethods() took 0 ms.
2024-10-13 22:58:50 INFO  Utils:112 -
			[Utils] MethodGroupsHelper.collectMethodsByGroup() took 0 ms.
2024-10-13 22:58:50 INFO  Utils:112 -
			[Utils] MethodGroupsHelper.sortMethods() took 0 ms.
2024-10-13 22:58:50 INFO  Utils:112 -
			[Utils] MethodGroupsHelper.collectMethodsByGroup() took 0 ms.
2024-10-13 22:58:50 INFO  Utils:112 -
			[Utils] MethodGroupsHelper.sortMethods() took 0 ms.
2024-10-13 22:58:50 INFO  Utils:112 -
			[Utils] MethodGroupsHelper.collectMethodsByGroup() took 1 ms.
2024-10-13 22:58:50 INFO  Utils:112 -
			[Utils] MethodGroupsHelper.sortMethods() took 0 ms.
2024-10-13 22:58:50 INFO  Utils:112 -
			[Utils] MethodGroupsHelper.collectMethodsByGroup() took 0 ms.
2024-10-13 22:58:50 INFO  Utils:112 -
			[Utils] MethodGroupsHelper.sortMethods() took 0 ms.
2024-10-13 22:58:50 INFO  Utils:112 -
			[Utils] MethodGroupsHelper.collectMethodsByGroup() took 0 ms.
2024-10-13 22:58:50 INFO  Utils:112 -
			[Utils] MethodGroupsHelper.sortMethods() took 0 ms.
2024-10-13 22:58:50 INFO  Utils:112 -
			[TestNG] Running:
  C:\Users\utk\AppData\Local\Temp\testng-eclipse--37414351\testng-customsuite.xml

2024-10-13 22:58:50 INFO  Utils:112 -
			[Utils] DynamicGraphHelper.createDynamicGraph() took 7 ms.
2024-10-13 23:00:11 INFO  Utils:112 -
			[Utils] MethodGroupsHelper.collectMethodsByGroup() took 1 ms.
2024-10-13 23:00:11 INFO  Utils:112 -
			[Utils] MethodGroupsHelper.sortMethods() took 3 ms.
2024-10-13 23:00:11 INFO  Utils:112 -
			[Utils] MethodGroupsHelper.collectMethodsByGroup() took 0 ms.
2024-10-13 23:00:11 INFO  Utils:112 -
			[Utils] MethodGroupsHelper.sortMethods() took 0 ms.
2024-10-13 23:00:11 INFO  Utils:112 -
			[Utils] MethodGroupsHelper.collectMethodsByGroup() took 0 ms.
2024-10-13 23:00:11 INFO  Utils:112 -
			[Utils] MethodGroupsHelper.sortMethods() took 0 ms.
2024-10-13 23:00:11 INFO  Utils:112 -
			[Utils] MethodGroupsHelper.collectMethodsByGroup() took 0 ms.
2024-10-13 23:00:11 INFO  Utils:112 -
			[Utils] MethodGroupsHelper.sortMethods() took 0 ms.
2024-10-13 23:00:11 INFO  Utils:112 -
			[Utils] MethodGroupsHelper.collectMethodsByGroup() took 8 ms.
2024-10-13 23:00:11 INFO  Utils:112 -
			[Utils] MethodGroupsHelper.sortMethods() took 29 ms.
2024-10-13 23:00:11 INFO  Utils:112 -
			[Utils] MethodGroupsHelper.collectMethodsByGroup() took 0 ms.
2024-10-13 23:00:11 INFO  Utils:112 -
			[Utils] MethodGroupsHelper.sortMethods() took 0 ms.
2024-10-13 23:00:11 INFO  Utils:112 -
			[Utils] MethodGroupsHelper.collectMethodsByGroup() took 0 ms.
2024-10-13 23:00:11 INFO  Utils:112 -
			[Utils] MethodGroupsHelper.sortMethods() took 0 ms.
2024-10-13 23:00:11 INFO  Utils:112 -
			[Utils] MethodGroupsHelper.collectMethodsByGroup() took 0 ms.
2024-10-13 23:00:11 INFO  Utils:112 -
			[Utils] MethodGroupsHelper.sortMethods() took 0 ms.
2024-10-13 23:00:11 INFO  Utils:112 -
			[Utils] MethodGroupsHelper.collectMethodsByGroup() took 0 ms.
2024-10-13 23:00:11 INFO  Utils:112 -
			[Utils] MethodGroupsHelper.sortMethods() took 0 ms.
2024-10-13 23:00:11 INFO  Utils:112 -
			[Utils] MethodGroupsHelper.collectMethodsByGroup() took 0 ms.
2024-10-13 23:00:11 INFO  Utils:112 -
			[Utils] MethodGroupsHelper.sortMethods() took 0 ms.
2024-10-13 23:00:11 INFO  Utils:112 -
			[Utils] MethodGroupsHelper.collectMethodsByGroup() took 0 ms.
2024-10-13 23:00:11 INFO  Utils:112 -
			[Utils] MethodGroupsHelper.sortMethods() took 0 ms.
2024-10-13 23:00:11 INFO  Utils:112 -
			[Utils] MethodGroupsHelper.collectMethodsByGroup() took 0 ms.
2024-10-13 23:00:11 INFO  Utils:112 -
			[Utils] MethodGroupsHelper.sortMethods() took 0 ms.
2024-10-13 23:00:11 INFO  Utils:112 -
			[Utils] MethodGroupsHelper.collectMethodsByGroup() took 1 ms.
2024-10-13 23:00:11 INFO  Utils:112 -
			[Utils] MethodGroupsHelper.sortMethods() took 1 ms.
2024-10-13 23:00:11 INFO  Utils:112 -
			[Utils] MethodGroupsHelper.collectMethodsByGroup() took 0 ms.
2024-10-13 23:00:11 INFO  Utils:112 -
			[Utils] MethodGroupsHelper.sortMethods() took 0 ms.
2024-10-13 23:00:11 INFO  Utils:112 -
			[Utils] MethodGroupsHelper.collectMethodsByGroup() took 0 ms.
2024-10-13 23:00:11 INFO  Utils:112 -
			[Utils] MethodGroupsHelper.sortMethods() took 0 ms.
2024-10-13 23:00:11 INFO  Utils:112 -
			[TestNG] Running:
  C:\Users\utk\AppData\Local\Temp\testng-eclipse-847647681\testng-customsuite.xml

2024-10-13 23:00:11 INFO  Utils:112 -
			[Utils] DynamicGraphHelper.createDynamicGraph() took 6 ms.
2024-10-13 23:01:40 INFO  Utils:112 -
			[Utils] MethodGroupsHelper.collectMethodsByGroup() took 1 ms.
2024-10-13 23:01:40 INFO  Utils:112 -
			[Utils] MethodGroupsHelper.sortMethods() took 3 ms.
2024-10-13 23:01:40 INFO  Utils:112 -
			[Utils] MethodGroupsHelper.collectMethodsByGroup() took 0 ms.
2024-10-13 23:01:40 INFO  Utils:112 -
			[Utils] MethodGroupsHelper.sortMethods() took 0 ms.
2024-10-13 23:01:40 INFO  Utils:112 -
			[Utils] MethodGroupsHelper.collectMethodsByGroup() took 0 ms.
2024-10-13 23:01:40 INFO  Utils:112 -
			[Utils] MethodGroupsHelper.sortMethods() took 0 ms.
2024-10-13 23:01:40 INFO  Utils:112 -
			[Utils] MethodGroupsHelper.collectMethodsByGroup() took 0 ms.
2024-10-13 23:01:40 INFO  Utils:112 -
			[Utils] MethodGroupsHelper.sortMethods() took 0 ms.
2024-10-13 23:01:40 INFO  Utils:112 -
			[Utils] MethodGroupsHelper.collectMethodsByGroup() took 7 ms.
2024-10-13 23:01:40 INFO  Utils:112 -
			[Utils] MethodGroupsHelper.sortMethods() took 26 ms.
2024-10-13 23:01:40 INFO  Utils:112 -
			[Utils] MethodGroupsHelper.collectMethodsByGroup() took 0 ms.
2024-10-13 23:01:40 INFO  Utils:112 -
			[Utils] MethodGroupsHelper.sortMethods() took 0 ms.
2024-10-13 23:01:40 INFO  Utils:112 -
			[Utils] MethodGroupsHelper.collectMethodsByGroup() took 0 ms.
2024-10-13 23:01:40 INFO  Utils:112 -
			[Utils] MethodGroupsHelper.sortMethods() took 0 ms.
2024-10-13 23:01:40 INFO  Utils:112 -
			[Utils] MethodGroupsHelper.collectMethodsByGroup() took 0 ms.
2024-10-13 23:01:40 INFO  Utils:112 -
			[Utils] MethodGroupsHelper.sortMethods() took 0 ms.
2024-10-13 23:01:40 INFO  Utils:112 -
			[Utils] MethodGroupsHelper.collectMethodsByGroup() took 0 ms.
2024-10-13 23:01:40 INFO  Utils:112 -
			[Utils] MethodGroupsHelper.sortMethods() took 0 ms.
2024-10-13 23:01:40 INFO  Utils:112 -
			[Utils] MethodGroupsHelper.collectMethodsByGroup() took 0 ms.
2024-10-13 23:01:40 INFO  Utils:112 -
			[Utils] MethodGroupsHelper.sortMethods() took 0 ms.
2024-10-13 23:01:40 INFO  Utils:112 -
			[Utils] MethodGroupsHelper.collectMethodsByGroup() took 0 ms.
2024-10-13 23:01:40 INFO  Utils:112 -
			[Utils] MethodGroupsHelper.sortMethods() took 0 ms.
2024-10-13 23:01:40 INFO  Utils:112 -
			[Utils] MethodGroupsHelper.collectMethodsByGroup() took 0 ms.
2024-10-13 23:01:40 INFO  Utils:112 -
			[Utils] MethodGroupsHelper.sortMethods() took 0 ms.
2024-10-13 23:01:40 INFO  Utils:112 -
			[Utils] MethodGroupsHelper.collectMethodsByGroup() took 1 ms.
2024-10-13 23:01:40 INFO  Utils:112 -
			[Utils] MethodGroupsHelper.sortMethods() took 1 ms.
2024-10-13 23:01:40 INFO  Utils:112 -
			[Utils] MethodGroupsHelper.collectMethodsByGroup() took 0 ms.
2024-10-13 23:01:40 INFO  Utils:112 -
			[Utils] MethodGroupsHelper.sortMethods() took 0 ms.
2024-10-13 23:01:40 INFO  Utils:112 -
			[Utils] MethodGroupsHelper.collectMethodsByGroup() took 0 ms.
2024-10-13 23:01:40 INFO  Utils:112 -
			[Utils] MethodGroupsHelper.sortMethods() took 0 ms.
2024-10-13 23:01:40 INFO  Utils:112 -
			[TestNG] Running:
  C:\Users\utk\AppData\Local\Temp\testng-eclipse--1185811553\testng-customsuite.xml

2024-10-13 23:01:40 INFO  Utils:112 -
			[Utils] DynamicGraphHelper.createDynamicGraph() took 7 ms.
2024-10-13 23:04:02 INFO  Utils:112 -
			[TestNG] Time taken by org.testng.reporters.jq.Main@6dd82486: 289 ms
2024-10-13 23:04:02 INFO  Utils:112 -
			[TestNG] Time taken by org.testng.reporters.FailedReporter@9d7ccfe: 112 ms
2024-10-13 23:04:02 INFO  Utils:112 -
			[TestNG] Time taken by org.testng.reporters.XMLReporter@186cb891: 70 ms
2024-10-13 23:04:02 INFO  Utils:112 -
			[TestNG] Time taken by org.testng.reporters.EmailableReporter2@6b2e0f78: 17 ms
2024-10-13 23:04:02 INFO  Utils:112 -
			[TestNG] Time taken by org.testng.reporters.JUnitReportReporter@117bcfdc: 22 ms
2024-10-13 23:04:02 INFO  Utils:112 -
			[TestNG] Time taken by org.testng.internal.ExitCodeListener@73a19967: 0 ms
2024-10-13 23:04:32 INFO  Utils:112 -
			[Utils] MethodGroupsHelper.collectMethodsByGroup() took 1 ms.
2024-10-13 23:04:32 INFO  Utils:112 -
			[Utils] MethodGroupsHelper.sortMethods() took 2 ms.
2024-10-13 23:04:32 INFO  Utils:112 -
			[Utils] MethodGroupsHelper.collectMethodsByGroup() took 0 ms.
2024-10-13 23:04:32 INFO  Utils:112 -
			[Utils] MethodGroupsHelper.sortMethods() took 0 ms.
2024-10-13 23:04:32 INFO  Utils:112 -
			[Utils] MethodGroupsHelper.collectMethodsByGroup() took 0 ms.
2024-10-13 23:04:32 INFO  Utils:112 -
			[Utils] MethodGroupsHelper.sortMethods() took 0 ms.
2024-10-13 23:04:32 INFO  Utils:112 -
			[Utils] MethodGroupsHelper.collectMethodsByGroup() took 0 ms.
2024-10-13 23:04:32 INFO  Utils:112 -
			[Utils] MethodGroupsHelper.sortMethods() took 0 ms.
2024-10-13 23:04:32 INFO  Utils:112 -
			[Utils] MethodGroupsHelper.collectMethodsByGroup() took 8 ms.
2024-10-13 23:04:32 INFO  Utils:112 -
			[Utils] MethodGroupsHelper.sortMethods() took 33 ms.
2024-10-13 23:04:32 INFO  Utils:112 -
			[Utils] MethodGroupsHelper.collectMethodsByGroup() took 0 ms.
2024-10-13 23:04:32 INFO  Utils:112 -
			[Utils] MethodGroupsHelper.sortMethods() took 0 ms.
2024-10-13 23:04:32 INFO  Utils:112 -
			[Utils] MethodGroupsHelper.collectMethodsByGroup() took 0 ms.
2024-10-13 23:04:32 INFO  Utils:112 -
			[Utils] MethodGroupsHelper.sortMethods() took 0 ms.
2024-10-13 23:04:32 INFO  Utils:112 -
			[Utils] MethodGroupsHelper.collectMethodsByGroup() took 0 ms.
2024-10-13 23:04:32 INFO  Utils:112 -
			[Utils] MethodGroupsHelper.sortMethods() took 0 ms.
2024-10-13 23:04:32 INFO  Utils:112 -
			[Utils] MethodGroupsHelper.collectMethodsByGroup() took 0 ms.
2024-10-13 23:04:32 INFO  Utils:112 -
			[Utils] MethodGroupsHelper.sortMethods() took 0 ms.
2024-10-13 23:04:32 INFO  Utils:112 -
			[Utils] MethodGroupsHelper.collectMethodsByGroup() took 0 ms.
2024-10-13 23:04:32 INFO  Utils:112 -
			[Utils] MethodGroupsHelper.sortMethods() took 0 ms.
2024-10-13 23:04:32 INFO  Utils:112 -
			[Utils] MethodGroupsHelper.collectMethodsByGroup() took 0 ms.
2024-10-13 23:04:32 INFO  Utils:112 -
			[Utils] MethodGroupsHelper.sortMethods() took 0 ms.
2024-10-13 23:04:32 INFO  Utils:112 -
			[Utils] MethodGroupsHelper.collectMethodsByGroup() took 0 ms.
2024-10-13 23:04:32 INFO  Utils:112 -
			[Utils] MethodGroupsHelper.sortMethods() took 0 ms.
2024-10-13 23:04:32 INFO  Utils:112 -
			[Utils] MethodGroupsHelper.collectMethodsByGroup() took 0 ms.
2024-10-13 23:04:32 INFO  Utils:112 -
			[Utils] MethodGroupsHelper.sortMethods() took 0 ms.
2024-10-13 23:04:32 INFO  Utils:112 -
			[Utils] MethodGroupsHelper.collectMethodsByGroup() took 0 ms.
2024-10-13 23:04:32 INFO  Utils:112 -
			[Utils] MethodGroupsHelper.sortMethods() took 1 ms.
2024-10-13 23:04:32 INFO  Utils:112 -
			[Utils] MethodGroupsHelper.collectMethodsByGroup() took 0 ms.
2024-10-13 23:04:32 INFO  Utils:112 -
			[Utils] MethodGroupsHelper.sortMethods() took 0 ms.
2024-10-13 23:04:32 INFO  Utils:112 -
			[TestNG] Running:
  C:\Users\utk\AppData\Local\Temp\testng-eclipse-1536913039\testng-customsuite.xml

2024-10-13 23:04:32 INFO  Utils:112 -
			[Utils] DynamicGraphHelper.createDynamicGraph() took 8 ms.
2024-10-13 23:06:25 INFO  Utils:112 -
			[TestNG] Time taken by org.testng.reporters.jq.Main@1de0a46c: 112 ms
2024-10-13 23:06:25 INFO  Utils:112 -
			[TestNG] Time taken by org.testng.reporters.FailedReporter@4d1f1ff5: 1 ms
2024-10-13 23:06:26 INFO  Utils:112 -
			[TestNG] Time taken by org.testng.reporters.XMLReporter@23eff5d1: 11 ms
2024-10-13 23:06:26 INFO  Utils:112 -
			[TestNG] Time taken by org.testng.reporters.EmailableReporter2@168cd36b: 10 ms
2024-10-13 23:06:26 INFO  Utils:112 -
			[TestNG] Time taken by org.testng.reporters.JUnitReportReporter@700f518a: 5 ms
2024-10-13 23:06:26 INFO  Utils:112 -
			[TestNG] Time taken by org.testng.internal.ExitCodeListener@b835727: 0 ms
